[debug] [2024-09-27T17:39:38.838Z] ----------------------------------------------------------------------
[debug] [2024-09-27T17:39:38.840Z] Command:       C:\Program Files\nodejs\node.exe C:\Users\Kasra\AppData\Roaming\npm\node_modules\firebase-tools\lib\bin\firebase.js init
[debug] [2024-09-27T17:39:38.840Z] CLI Version:   13.19.0
[debug] [2024-09-27T17:39:38.841Z] Platform:      win32
[debug] [2024-09-27T17:39:38.841Z] Node Version:  v21.7.3
[debug] [2024-09-27T17:39:38.841Z] Time:          Fri Sep 27 2024 21:09:38 GMT+0330 (وقت عادی ایران)
[debug] [2024-09-27T17:39:38.841Z] ----------------------------------------------------------------------
[debug] 
[debug] [2024-09-27T17:39:38.911Z] > command requires scopes: ["email","openid","https://www.googleapis.com/auth/cloudplatformprojects.readonly","https://www.googleapis.com/auth/firebase","https://www.googleapis.com/auth/cloud-platform"]
[debug] [2024-09-27T17:39:38.912Z] > authorizing via signed-in user (kasramajidy81@gmail.com)
[info] 
     ######## #### ########  ######## ########     ###     ######  ########
     ##        ##  ##     ## ##       ##     ##  ##   ##  ##       ##
     ######    ##  ########  ######   ########  #########  ######  ######
     ##        ##  ##    ##  ##       ##     ## ##     ##       ## ##
     ##       #### ##     ## ######## ########  ##     ##  ######  ########

You're about to initialize a Firebase project in this directory:

  F:\project\shoppingMall\shop

Before we get started, keep in mind:

  * You are initializing within an existing Firebase project directory

[debug] [2024-09-27T17:39:50.035Z] Error: Timed out.
    at Timeout._onTimeout (C:\Users\Kasra\AppData\Roaming\npm\node_modules\firebase-tools\lib\utils.js:268:49)
    at listOnTimeout (node:internal/timers:573:17)
    at process.processTimers (node:internal/timers:514:7)
[error] 
[error] Error: An unexpected error has occurred.
[debug] [2024-09-27T17:39:55.066Z] ----------------------------------------------------------------------
[debug] [2024-09-27T17:39:55.068Z] Command:       C:\Program Files\nodejs\node.exe C:\Users\Kasra\AppData\Roaming\npm\node_modules\firebase-tools\lib\bin\firebase.js init
[debug] [2024-09-27T17:39:55.069Z] CLI Version:   13.19.0
[debug] [2024-09-27T17:39:55.069Z] Platform:      win32
[debug] [2024-09-27T17:39:55.069Z] Node Version:  v21.7.3
[debug] [2024-09-27T17:39:55.069Z] Time:          Fri Sep 27 2024 21:09:55 GMT+0330 (وقت عادی ایران)
[debug] [2024-09-27T17:39:55.069Z] ----------------------------------------------------------------------
[debug] 
[debug] [2024-09-27T17:39:55.141Z] > command requires scopes: ["email","openid","https://www.googleapis.com/auth/cloudplatformprojects.readonly","https://www.googleapis.com/auth/firebase","https://www.googleapis.com/auth/cloud-platform"]
[debug] [2024-09-27T17:39:55.142Z] > authorizing via signed-in user (kasramajidy81@gmail.com)
[info] 
     ######## #### ########  ######## ########     ###     ######  ########
     ##        ##  ##     ## ##       ##     ##  ##   ##  ##       ##
     ######    ##  ########  ######   ########  #########  ######  ######
     ##        ##  ##    ##  ##       ##     ## ##     ##       ## ##
     ##       #### ##     ## ######## ########  ##     ##  ######  ########

You're about to initialize a Firebase project in this directory:

  F:\project\shoppingMall\shop

Before we get started, keep in mind:

  * You are initializing within an existing Firebase project directory

[info] 
=== Project Setup
[info] 
[info] First, let's associate this project directory with a Firebase project.
[info] You can create multiple project aliases by running firebase use --add, 
[info] but for now we'll just set up a default project.
[info] 
[debug] [2024-09-27T17:40:01.858Z] Using project from CLI flag: shopping-40ceb
[debug] [2024-09-27T17:40:01.861Z] >>> [apiv2][query] GET https://firebase.googleapis.com/v1beta1/projects/shopping-40ceb [none]
[debug] [2024-09-27T17:40:02.619Z] <<< [apiv2][status] GET https://firebase.googleapis.com/v1beta1/projects/shopping-40ceb 200
[debug] [2024-09-27T17:40:02.619Z] <<< [apiv2][body] GET https://firebase.googleapis.com/v1beta1/projects/shopping-40ceb {"projectId":"shopping-40ceb","projectNumber":"281381748690","displayName":"shopping","name":"projects/shopping-40ceb","resources":{"hostingSite":"shopping-40ceb","realtimeDatabaseInstance":"shopping-40ceb-default-rtdb","storageBucket":"shopping-40ceb.appspot.com","locationId":"us-central"},"state":"ACTIVE","etag":"1_01fa2813-5c7b-4665-824f-4ab002c718aa"}
[info] i  Using project shopping-40ceb (shopping) 
[info] 
=== Hosting Setup
[debug] [2024-09-27T17:40:02.630Z] >>> [apiv2][query] GET https://firebase.googleapis.com/v1beta1/projects/shopping-40ceb [none]
[debug] [2024-09-27T17:40:03.201Z] <<< [apiv2][status] GET https://firebase.googleapis.com/v1beta1/projects/shopping-40ceb 200
[debug] [2024-09-27T17:40:03.202Z] <<< [apiv2][body] GET https://firebase.googleapis.com/v1beta1/projects/shopping-40ceb {"projectId":"shopping-40ceb","projectNumber":"281381748690","displayName":"shopping","name":"projects/shopping-40ceb","resources":{"hostingSite":"shopping-40ceb","realtimeDatabaseInstance":"shopping-40ceb-default-rtdb","storageBucket":"shopping-40ceb.appspot.com","locationId":"us-central"},"state":"ACTIVE","etag":"1_01fa2813-5c7b-4665-824f-4ab002c718aa"}
[info] 
[info] Your public directory is the folder (relative to your project directory) that
[info] will contain Hosting assets to be uploaded with firebase deploy. If you
[info] have a build process for your assets, use your build's output directory.
[info] 
[info] +  Wrote bulid/404.html 
[debug] [2024-09-27T17:40:12.440Z] >>> [apiv2][query] GET https://www.gstatic.com/firebasejs/releases.json [none]
[debug] [2024-09-27T17:40:23.696Z] *** [apiv2] error from fetch(https://www.gstatic.com/firebasejs/releases.json, {"headers":{},"method":"GET"}): FetchError: request to https://www.gstatic.com/firebasejs/releases.json failed, reason: getaddrinfo ENOTFOUND www.gstatic.com
[debug] [2024-09-27T17:40:28.708Z] Error: Timed out.
    at Timeout._onTimeout (C:\Users\Kasra\AppData\Roaming\npm\node_modules\firebase-tools\lib\utils.js:268:49)
    at listOnTimeout (node:internal/timers:573:17)
    at process.processTimers (node:internal/timers:514:7)
[error] 
[error] Error: An unexpected error has occurred.
